Heroku client internal error.
Unable to find a browser command. If this is unexpected, Please rerun with environment variable LAUNCHY_DEBUG=true or the '-d' commandline option and file a bug at https://github.com/copiousfreetime/launchy/issues/new
/usr/local/opt/rbenv/versions/2.1.5/lib/ruby/gems/2.1.0/gems/launchy-2.4.3/lib/launchy/applications/browser.rb:63:in `browser_cmdline'
/usr/local/opt/rbenv/versions/2.1.5/lib/ruby/gems/2.1.0/gems/launchy-2.4.3/lib/launchy/applications/browser.rb:67:in `cmd_and_args'
/usr/local/opt/rbenv/versions/2.1.5/lib/ruby/gems/2.1.0/gems/launchy-2.4.3/lib/launchy/applications/browser.rb:78:in `open'
/usr/local/opt/rbenv/versions/2.1.5/lib/ruby/gems/2.1.0/gems/launchy-2.4.3/lib/launchy.rb:29:in `open'
/usr/local/opt/rbenv/versions/2.1.5/lib/ruby/gems/2.1.0/gems/heroku-3.39.0/lib/heroku/helpers.rb:362:in `block in launchy'
/usr/local/opt/rbenv/versions/2.1.5/lib/ruby/gems/2.1.0/gems/heroku-3.39.0/lib/heroku/helpers.rb:259:in `action'
/usr/local/opt/rbenv/versions/2.1.5/lib/ruby/gems/2.1.0/gems/heroku-3.39.0/lib/heroku/helpers.rb:360:in `launchy'
/usr/local/opt/rbenv/versions/2.1.5/lib/ruby/gems/2.1.0/gems/heroku-3.39.0/lib/heroku/command/apps.rb:344:in `open'
/usr/local/opt/rbenv/versions/2.1.5/lib/ruby/gems/2.1.0/gems/heroku-3.39.0/lib/heroku/command.rb:212:in `run'
/usr/local/opt/rbenv/versions/2.1.5/lib/ruby/gems/2.1.0/gems/heroku-3.39.0/lib/heroku/cli.rb:27:in `start'
/usr/local/opt/rbenv/versions/2.1.5/lib/ruby/gems/2.1.0/gems/heroku-3.39.0/bin/heroku:17:in `<top (required)>'
/usr/local/opt/rbenv/versions/2.1.5/bin/heroku:23:in `load'
/usr/local/opt/rbenv/versions/2.1.5/bin/heroku:23:in `<main>'
/usr/local/opt/rbenv/versions/2.1.5/bin/ruby_executable_hooks:15:in `eval'
/usr/local/opt/rbenv/versions/2.1.5/bin/ruby_executable_hooks:15:in `<main>'
2015/08/03 18:41:59 setting up iojs 2.3.3
2015/08/03 18:42:00 done setting up iojs
2015/08/03 18:42:00 Installing plugin heroku-status... 
2015/08/03 18:42:10 done
2015/08/10 15:29:12 updating v4 CLI to 4.20.12-b51a4ed (master)... 
2015/08/10 15:29:12 done
2015/08/10 15:29:12 updating plugins... 
2015/08/10 15:29:13 done
2015/08/14 17:31:44 updating v4 CLI to 4.21.3-35f1766 (master)... 
2015/08/14 17:31:45 done
2015/08/14 17:31:45 updating plugins... 
2015/08/14 17:31:46 done
2015/08/18 18:51:10 Setting up iojs-v3.0.0...
2015/08/18 18:51:11  done.
2015/08/18 18:51:12 updating plugins... 
2015/08/18 18:51:13 done
